<?xml version="1.0" encoding="UTF-8" ?>
<testsuite tests="3" failures="3" name="com.abhinav.service.ContactServiceTest" time="0.001" errors="0" skipped="0">
  <properties>
[...]
</properties>
  <testcase classname="com.abhinav.service.ContactServiceTest" name="com.abhinav.service.ContactServiceTest.testGetContactById_03" time="0.001">
    <failure type="java.lang.NullPointerException">java.lang.NullPointerException
	at com.abhinav.service.ContactServiceTest.testGetContactById_03(ContactServiceTest.java:67)
</failure>
  </testcase>
  <testcase classname="com.abhinav.service.ContactServiceTest" name="com.abhinav.service.ContactServiceTest.testGetAllName_02" time="0">
    <failure type="java.lang.NullPointerException">java.lang.NullPointerException
	at com.abhinav.service.ContactServiceTest.testGetAllName_02(ContactServiceTest.java:60)
</failure>
  </testcase>
  <testcase classname="com.abhinav.service.ContactServiceTest" name="com.abhinav.service.ContactServiceTest.testGetNameById_01" time="0">
    <failure type="java.lang.NullPointerException">java.lang.NullPointerException
	at com.abhinav.service.ContactServiceTest.testGetNameById_01(ContactServiceTest.java:53)
</failure>
  </testcase>
</testsuite>